#
# A fatal error has been detected by the Java Runtime Environment:
#
#  EXCEPTION_ACCESS_VIOLATION (0xc0000005) at pc=0x52e6e933, pid=1884, tid=0x00001844
#
# JRE version: Java(TM) SE Runtime Environment (8.0_92-b14) (build 1.8.0_92-b14)
# Java VM: Java HotSpot(TM) Client VM (25.92-b14 mixed mode windows-x86 )
# Problematic frame:
# C  [jfxwebkit.dll+0xa9e933]
#
# Failed to write core dump. Minidumps are not enabled by default on client versions of Windows
#
# If you would like to submit a bug report, please visit:
#   http://bugreport.java.com/bugreport/crash.jsp
# The crash happened outside the Java Virtual Machine in native code.
# See problematic frame for where to report the bug.
#

---------------  T H R E A D  ---------------

Current thread (0x001dcc00):  JavaThread "main" [_thread_in_native, id=6212, stack(0x00ad0000,0x00b20000)]

siginfo: ExceptionCode=0xc0000005, writing address 0xbbadbeef

Registers:
EAX=0x00000000, EBX=0x00000000, ECX=0x00000001, EDX=0x00b20000
ESP=0x00b1f2b0, EBP=0x00b1f460, ESI=0x002c90a0, EDI=0x00b1f358
EIP=0x52e6e933, EFLAGS=0x00010212

Top of Stack: (sp=0x00b1f2b0)
0x00b1f2b0:   52e6e91b 1648dc00 52e5d557 00b1f2d0
0x00b1f2c0:   0000016c 193ca760 193c0000 00000000
0x00b1f2d0:   00000000 0000000d 52e5ffd4 00b1f320
0x00b1f2e0:   00b1f310 1648dc00 52e5ffe8 fb466d0e
0x00b1f2f0:   193ca760 002c90b0 157dfe00 52e600b4
0x00b1f300:   00000000 52e79db7 00b1f328 00000000
0x00b1f310:   00b1f398 00000000 524beee2 00b1f328
0x00b1f320:   fb466cda 002c90a0 00000000 00b1f350 

Instructions: (pc=0x52e6e933)
0x52e6e913:   04 51 6a 21 6a 00 ff d0 0f b7 c0 eb 02 33 c0 83
0x52e6e923:   c0 fe 50 8d 44 24 0c 50 e8 50 05 00 00 83 c4 08
0x52e6e933:   c7 05 ef be ad bb 00 00 00 00 33 c0 ff d0 8b 8c
0x52e6e943:   24 84 00 00 00 33 cc e8 dd ec 2b 00 81 c4 88 00 


Register to memory mapping:

EAX=0x00000000 is an unknown value
EBX=0x00000000 is an unknown value
ECX=0x00000001 is an unknown value
EDX=0x00b20000 is pointing into the stack for thread: 0x001dcc00
ESP=0x00b1f2b0 is pointing into the stack for thread: 0x001dcc00
EBP=0x00b1f460 is pointing into the stack for thread: 0x001dcc00
ESI=0x002c90a0 is an unknown value
EDI=0x00b1f358 is pointing into the stack for thread: 0x001dcc00


Stack: [0x00ad0000,0x00b20000],  sp=0x00b1f2b0,  free space=316k
Native frames: (J=compiled Java code, j=interpreted, Vv=VM code, C=native code)
C  [jfxwebkit.dll+0xa9e933]
C  0xfffffffb

Java frames: (J=compiled Java code, j=interpreted, Vv=VM code)
j  com.sun.webkit.dom.JSObject.toStringImpl(JI)Ljava/lang/String;+0
j  com.sun.webkit.dom.JSObject.toString()Ljava/lang/String;+8
j  com.sun.webkit.dom.NodeImpl.toString()Ljava/lang/String;+1
j  java.lang.String.valueOf(Ljava/lang/Object;)Ljava/lang/String;+10
j  java.lang.StringBuilder.append(Ljava/lang/Object;)Ljava/lang/StringBuilder;+2
j  javafx.beans.property.ReadOnlyObjectProperty.toString()Ljava/lang/String;+79
v  ~StubRoutines::call_stub
j  com.panamahitek.webbrowserexample.JFrameWindow.<init>(Ljava/lang/String;)V+59
j  hs.ml.AppHandler.<init>(JLjava/lang/String;Ljava/lang/String;)V+44
j  hs.ml.Main.main([Ljava/lang/String;)V+35
v  ~StubRoutines::call_stub

---------------  P R O C E S S  ---------------

Java Threads: ( => current thread )
  0x14c1a400 JavaThread "Keep-Alive-SocketCleaner" daemon [_thread_blocked, id=2980, stack(0x1d5d0000,0x1d620000)]
  0x189ca000 JavaThread "Prism Font Disposer" daemon [_thread_blocked, id=5468, stack(0x1ba60000,0x1bab0000)]
  0x14c1cc00 JavaThread "Thread-7" daemon [_thread_in_native, id=5352, stack(0x1a5a0000,0x1a5f0000)]
  0x14c1c400 JavaThread "Watchdog-Timer-1" daemon [_thread_blocked, id=4224, stack(0x1a2d0000,0x1a320000)]
  0x14c1b800 JavaThread "FX Access Thread (Visual Debugger)" daemon [_thread_blocked, id=2692, stack(0x19510000,0x19560000)]
  0x14c1a000 JavaThread "Disposer" daemon [_thread_blocked, id=1720, stack(0x17fd0000,0x18020000)]
  0x14c19800 JavaThread "Thread-6" daemon [_thread_in_native, id=2912, stack(0x17bd0000,0x17c20000)]
  0x14bc8800 JavaThread "JavaFX Application Thread" [_thread_in_native, id=7856, stack(0x164a0000,0x164f0000)]
  0x14bc4400 JavaThread "Thread-5" daemon [_thread_blocked, id=5252, stack(0x16520000,0x16570000)]
  0x14ba9400 JavaThread "QuantumRenderer-0" daemon [_thread_blocked, id=7004, stack(0x14d50000,0x14da0000)]
  0x14b98400 JavaThread "org.netbeans.modules.debugger.jpda.visual AWT Access Loop" daemon [_thread_blocked, id=3464, stack(0x146b0000,0x14700000)]
  0x14ae2000 JavaThread "AWT-EventQueue-0" [_thread_blocked, id=8084, stack(0x15840000,0x15890000)]
  0x14ab7000 JavaThread "AWT-Windows" daemon [_thread_in_native, id=7224, stack(0x03da0000,0x03df0000)]
  0x14ab6400 JavaThread "AWT-Shutdown" [_thread_blocked, id=7696, stack(0x14870000,0x148c0000)]
  0x14ab3800 JavaThread "Java2D Disposer" daemon [_thread_blocked, id=5284, stack(0x14750000,0x147a0000)]
  0x1498e000 JavaThread "Timer-0" daemon [_thread_blocked, id=2960, stack(0x14da0000,0x14df0000)]
  0x142e0400 JavaThread "Service Thread" daemon [_thread_blocked, id=6096, stack(0x14700000,0x14750000)]
  0x142d5c00 JavaThread "C1 CompilerThread0" daemon [_thread_blocked, id=8024, stack(0x14800000,0x14850000)]
  0x142cec00 JavaThread "JDWP Command Reader" daemon [_thread_in_native, id=5440, stack(0x14630000,0x14680000)]
  0x142cdc00 JavaThread "JDWP Event Helper Thread" daemon [_thread_blocked, id=5340, stack(0x03c90000,0x03ce0000)]
  0x142cc400 JavaThread "JDWP Transport Listener: dt_socket" daemon [_thread_blocked, id=1576, stack(0x14590000,0x145e0000)]
  0x142bf000 JavaThread "Attach Listener" daemon [_thread_blocked, id=7276, stack(0x145e0000,0x14630000)]
  0x142bc000 JavaThread "Signal Dispatcher" daemon [_thread_blocked, id=7652, stack(0x00c90000,0x00ce0000)]
  0x142a8000 JavaThread "Finalizer" daemon [_thread_blocked, id=6924, stack(0x00d30000,0x00d80000)]
  0x14282800 JavaThread "Reference Handler" daemon [_thread_blocked, id=6276, stack(0x03d20000,0x03d70000)]
=>0x001dcc00 JavaThread "main" [_thread_in_native, id=6212, stack(0x00ad0000,0x00b20000)]

Other Threads:
  0x1427b400 VMThread [stack: 0x00c30000,0x00c80000] [id=6936]
  0x14318c00 WatcherThread [stack: 0x148d0000,0x14920000] [id=8052]

VM state:not at safepoint (normal execution)

VM Mutex/Monitor currently owned by a thread: None

Heap:
 def new generation   total 9024K, used 3998K [0x03e00000, 0x047c0000, 0x09350000)
  eden space 8064K,  37% used [0x03e00000, 0x040f7868, 0x045e0000)
  from space 960K, 100% used [0x046d0000, 0x047c0000, 0x047c0000)
  to   space 960K,   0% used [0x045e0000, 0x045e0000, 0x046d0000)
 tenured generation   total 19916K, used 14361K [0x09350000, 0x0a6c3000, 0x13e00000)
   the space 19916K,  72% used [0x09350000, 0x0a1566e0, 0x0a156800, 0x0a6c3000)
 Metaspace       used 15658K, capacity 16245K, committed 16256K, reserved 16768K

Card table byte_map: [0x00b20000,0x00bb0000] byte_map_base: 0x00b01000

Polling page: 0x00190000

CodeCache: size=32768Kb used=2778Kb max_used=2778Kb free=29989Kb
 bounds [0x01c90000, 0x01f48000, 0x03c90000]
 total_blobs=1729 nmethods=1285 adapters=382
 compilation: enabled

Compilation events (10 events):
Event: 26.438 Thread 0x142d5c00 1287             javafx.scene.Scene::disposeAccessibles (147 bytes)
Event: 26.439 Thread 0x142d5c00 nmethod 1287 0x01f442c8 code [0x01f444a0, 0x01f4488c]
Event: 26.439 Thread 0x142d5c00 1288             javafx.scene.Scene::access$3600 (5 bytes)
Event: 26.439 Thread 0x142d5c00 nmethod 1288 0x01f44d08 code [0x01f44e20, 0x01f44f48]
Event: 26.439 Thread 0x142d5c00 1289             javafx.scene.Scene$MouseHandler::updateCursorFrame (61 bytes)
Event: 26.440 Thread 0x142d5c00 nmethod 1289 0x01f45108 code [0x01f45220, 0x01f45338]
Event: 31.850 Thread 0x142d5c00 1291             java.util.concurrent.atomic.AtomicBoolean::compareAndSet (35 bytes)
Event: 31.850 Thread 0x142d5c00 nmethod 1291 0x01f456c8 code [0x01f457c0, 0x01f45880]
Event: 31.930 Thread 0x142d5c00 1292             java.util.concurrent.atomic.AtomicBoolean::getAndSet (16 bytes)
Event: 31.930 Thread 0x142d5c00 nmethod 1292 0x01f458c8 code [0x01f459c0, 0x01f45ab0]

GC Heap History (10 events):
Event: 4.757 GC heap before
{Heap before GC invocations=68 (full 1):
 def new generation   total 5312K, used 5312K [0x03e00000, 0x043c0000, 0x09350000)
  eden space 4736K, 100% used [0x03e00000, 0x042a0000, 0x042a0000)
  from space 576K, 100% used [0x04330000, 0x043c0000, 0x043c0000)
  to   space 576K,   0% used [0x042a0000, 0x042a0000, 0x04330000)
 tenured generation   total 11708K, used 9900K [0x09350000, 0x09ebf000, 0x13e00000)
   the space 11708K,  84% used [0x09350000, 0x09cfb040, 0x09cfb200, 0x09ebf000)
 Metaspace       used 14644K, capacity 15168K, committed 15232K, reserved 15744K
Event: 4.761 GC heap after
Heap after GC invocations=69 (full 1):
 def new generation   total 5312K, used 576K [0x03e00000, 0x043c0000, 0x09350000)
  eden space 4736K,   0% used [0x03e00000, 0x03e00000, 0x042a0000)
  from space 576K, 100% used [0x042a0000, 0x04330000, 0x04330000)
  to   space 576K,   0% used [0x04330000, 0x04330000, 0x043c0000)
 tenured generation   total 11708K, used 10688K [0x09350000, 0x09ebf000, 0x13e00000)
   the space 11708K,  91% used [0x09350000, 0x09dc0158, 0x09dc0200, 0x09ebf000)
 Metaspace       used 14644K, capacity 15168K, committed 15232K, reserved 15744K
}
Event: 4.886 GC heap before
{Heap before GC invocations=69 (full 1):
 def new generation   total 5312K, used 5312K [0x03e00000, 0x043c0000, 0x09350000)
  eden space 4736K, 100% used [0x03e00000, 0x042a0000, 0x042a0000)
  from space 576K, 100% used [0x042a0000, 0x04330000, 0x04330000)
  to   space 576K,   0% used [0x04330000, 0x04330000, 0x043c0000)
 tenured generation   total 11708K, used 10688K [0x09350000, 0x09ebf000, 0x13e00000)
   the space 11708K,  91% used [0x09350000, 0x09dc0158, 0x09dc0200, 0x09ebf000)
 Metaspace       used 15210K, capacity 15737K, committed 15744K, reserved 15744K
Event: 4.918 GC heap after
Heap after GC invocations=70 (full 2):
 def new generation   total 9024K, used 0K [0x03e00000, 0x047c0000, 0x09350000)
  eden space 8064K,   0% used [0x03e00000, 0x03e00000, 0x045e0000)
  from space 960K,   0% used [0x045e0000, 0x045e0000, 0x046d0000)
  to   space 960K,   0% used [0x046d0000, 0x046d0000, 0x047c0000)
 tenured generation   total 19916K, used 11948K [0x09350000, 0x0a6c3000, 0x13e00000)
   the space 19916K,  59% used [0x09350000, 0x09efb0b8, 0x09efb200, 0x0a6c3000)
 Metaspace       used 15210K, capacity 15737K, committed 15744K, reserved 15744K
}
Event: 5.152 GC heap before
{Heap before GC invocations=70 (full 2):
 def new generation   total 9024K, used 7868K [0x03e00000, 0x047c0000, 0x09350000)
  eden space 8064K,  97% used [0x03e00000, 0x045af200, 0x045e0000)
  from space 960K,   0% used [0x045e0000, 0x045e0000, 0x046d0000)
  to   space 960K,   0% used [0x046d0000, 0x046d0000, 0x047c0000)
 tenured generation   total 19916K, used 11948K [0x09350000, 0x0a6c3000, 0x13e00000)
   the space 19916K,  59% used [0x09350000, 0x09efb0b8, 0x09efb200, 0x0a6c3000)
 Metaspace       used 15307K, capacity 15838K, committed 15872K, reserved 16768K
Event: 5.155 GC heap after
Heap after GC invocations=71 (full 2):
 def new generation   total 9024K, used 854K [0x03e00000, 0x047c0000, 0x09350000)
  eden space 8064K,   0% used [0x03e00000, 0x03e00000, 0x045e0000)
  from space 960K,  89% used [0x046d0000, 0x047a5b28, 0x047c0000)
  to   space 960K,   0% used [0x045e0000, 0x045e0000, 0x046d0000)
 tenured generation   total 19916K, used 12338K [0x09350000, 0x0a6c3000, 0x13e00000)
   the space 19916K,  61% used [0x09350000, 0x09f5cb48, 0x09f5cc00, 0x0a6c3000)
 Metaspace       used 15307K, capacity 15838K, committed 15872K, reserved 16768K
}
Event: 5.623 GC heap before
{Heap before GC invocations=71 (full 2):
 def new generation   total 9024K, used 8918K [0x03e00000, 0x047c0000, 0x09350000)
  eden space 8064K, 100% used [0x03e00000, 0x045e0000, 0x045e0000)
  from space 960K,  89% used [0x046d0000, 0x047a5b28, 0x047c0000)
  to   space 960K,   0% used [0x045e0000, 0x045e0000, 0x046d0000)
 tenured generation   total 19916K, used 12338K [0x09350000, 0x0a6c3000, 0x13e00000)
   the space 19916K,  61% used [0x09350000, 0x09f5cb48, 0x09f5cc00, 0x0a6c3000)
 Metaspace       used 15511K, capacity 16058K, committed 16128K, reserved 16768K
Event: 5.629 GC heap after
Heap after GC invocations=72 (full 2):
 def new generation   total 9024K, used 960K [0x03e00000, 0x047c0000, 0x09350000)
  eden space 8064K,   0% used [0x03e00000, 0x03e00000, 0x045e0000)
  from space 960K, 100% used [0x045e0000, 0x046d0000, 0x046d0000)
  to   space 960K,   0% used [0x046d0000, 0x046d0000, 0x047c0000)
 tenured generation   total 19916K, used 13487K [0x09350000, 0x0a6c3000, 0x13e00000)
   the space 19916K,  67% used [0x09350000, 0x0a07bee0, 0x0a07c000, 0x0a6c3000)
 Metaspace       used 15511K, capacity 16058K, committed 16128K, reserved 16768K
}
Event: 7.015 GC heap before
{Heap before GC invocations=72 (full 2):
 def new generation   total 9024K, used 9024K [0x03e00000, 0x047c0000, 0x09350000)
  eden space 8064K, 100% used [0x03e00000, 0x045e0000, 0x045e0000)
  from space 960K, 100% used [0x045e0000, 0x046d0000, 0x046d0000)
  to   space 960K,   0% used [0x046d0000, 0x046d0000, 0x047c0000)
 tenured generation   total 19916K, used 13487K [0x09350000, 0x0a6c3000, 0x13e00000)
   the space 19916K,  67% used [0x09350000, 0x0a07bee0, 0x0a07c000, 0x0a6c3000)
 Metaspace       used 15547K, capacity 16115K, committed 16128K, reserved 16768K
Event: 7.020 GC heap after
Heap after GC invocations=73 (full 2):
 def new generation   total 9024K, used 960K [0x03e00000, 0x047c0000, 0x09350000)
  eden space 8064K,   0% used [0x03e00000, 0x03e00000, 0x045e0000)
  from space 960K, 100% used [0x046d0000, 0x047c0000, 0x047c0000)
  to   space 960K,   0% used [0x045e0000, 0x045e0000, 0x046d0000)
 tenured generation   total 19916K, used 14361K [0x09350000, 0x0a6c3000, 0x13e00000)
   the space 19916K,  72% used [0x09350000, 0x0a1566e0, 0x0a156800, 0x0a6c3000)
 Metaspace       used 15547K, capacity 16115K, committed 16128K, reserved 16768K
}

Deoptimization events (0 events):
No events

Internal exceptions (10 events):
Event: 0.422 Thread 0x001dcc00 Exception <a 'java/io/FileNotFoundException'> (0x0404e9e8) thrown at [C:\workspace\8-2-build-windows-i586-cygwin\jdk8u92\6642\hotspot\src\share\vm\prims\jni.cpp, line 709]
Event: 0.668 Thread 0x001dcc00 Exception <a 'java/lang/NullPointerException'> (0x041dfcd8) thrown at [C:\workspace\8-2-build-windows-i586-cygwin\jdk8u92\6642\hotspot\src\share\vm\interpreter\linkResolver.cpp, line 1178]
Event: 0.710 Thread 0x14bc8800 Exception <a 'java/lang/NullPointerException'> (0x041c39c8) thrown at [C:\workspace\8-2-build-windows-i586-cygwin\jdk8u92\6642\hotspot\src\share\vm\interpreter\linkResolver.cpp, line 1178]
Event: 0.710 Thread 0x14bc8800 Exception <a 'java/lang/NullPointerException'> (0x041c39c8) thrown at [C:\workspace\8-2-build-windows-i586-cygwin\jdk8u92\6642\hotspot\src\share\vm\prims\jvm.cpp, line 1390]
Event: 1.215 Thread 0x14bc8800 Exception <a 'sun/nio/fs/WindowsException'> (0x04001f30) thrown at [C:\workspace\8-2-build-windows-i586-cygwin\jdk8u92\6642\hotspot\src\share\vm\prims\jni.cpp, line 709]
Event: 1.218 Thread 0x14bc8800 Exception <a 'sun/nio/fs/WindowsException'> (0x04003968) thrown at [C:\workspace\8-2-build-windows-i586-cygwin\jdk8u92\6642\hotspot\src\share\vm\prims\jni.cpp, line 709]
Event: 2.868 Thread 0x14c1b000 Implicit null exception at 0x01e7744c to 0x01e783f0
Event: 4.275 Thread 0x14c1cc00 Exception <a 'sun/nio/fs/WindowsException'> (0x03f5bab8) thrown at [C:\workspace\8-2-build-windows-i586-cygwin\jdk8u92\6642\hotspot\src\share\vm\prims\jni.cpp, line 709]
Event: 4.665 Thread 0x14bc8800 Exception <a 'java/lang/ClassNotFoundException': sun/net/www/protocol/about/Handler> (0x03f975b0) thrown at [C:\workspace\8-2-build-windows-i586-cygwin\jdk8u92\6642\hotspot\src\share\vm\classfile\systemDictionary.cpp, line 210]
Event: 5.471 Thread 0x14bc8800 Exception <a 'java/lang/ClassNotFoundException': sun/net/www/protocol/about/Handler> (0x0411ffb0) thrown at [C:\workspace\8-2-build-windows-i586-cygwin\jdk8u92\6642\hotspot\src\share\vm\classfile\systemDictionary.cpp, line 210]

Events (10 events):
Event: 33.133 loading class org/w3c/dom/xpath/XPathEvaluator
Event: 33.139 loading class org/w3c/dom/xpath/XPathEvaluator done
Event: 33.139 loading class org/w3c/dom/views/DocumentView
Event: 33.139 loading class org/w3c/dom/views/DocumentView done
Event: 33.139 loading class org/w3c/dom/events/DocumentEvent
Event: 33.139 loading class org/w3c/dom/events/DocumentEvent done
Event: 33.154 loading class com/sun/webkit/dom/HTMLDocumentImpl
Event: 33.154 loading class com/sun/webkit/dom/HTMLDocumentImpl done
Event: 33.154 loading class org/w3c/dom/html/HTMLDocument
Event: 33.164 loading class org/w3c/dom/html/HTMLDocument done


Dynamic libraries:
0x00d80000 - 0x00db3000 	C:\Program Files\Java\jdk1.8.0_92\bin\java.exe
0x778a0000 - 0x779e2000 	C:\Windows\SYSTEM32\ntdll.dll
0x75ae0000 - 0x75bb5000 	C:\Windows\system32\kernel32.dll
0x75940000 - 0x7598b000 	C:\Windows\system32\KERNELBASE.dll
0x75f10000 - 0x75fb1000 	C:\Windows\system32\ADVAPI32.dll
0x75e60000 - 0x75f0c000 	C:\Windows\system32\msvcrt.dll
0x76d50000 - 0x76d69000 	C:\Windows\SYSTEM32\sechost.dll
0x75bc0000 - 0x75c62000 	C:\Windows\system32\RPCRT4.dll
0x76c80000 - 0x76d49000 	C:\Windows\system32\USER32.dll
0x776f0000 - 0x7773e000 	C:\Windows\system32\GDI32.dll
0x779f0000 - 0x779fa000 	C:\Windows\system32\LPK.dll
0x773f0000 - 0x7748d000 	C:\Windows\system32\USP10.dll
0x74570000 - 0x7470e000 	C:\Windows\WinSxS\x86_microsoft.windows.common-controls_6595b64144ccf1df_6.0.7601.18837_none_41e855142bd5705d\COMCTL32.dll
0x75fd0000 - 0x76027000 	C:\Windows\system32\SHLWAPI.dll
0x77490000 - 0x774af000 	C:\Windows\system32\IMM32.DLL
0x77a20000 - 0x77aed000 	C:\Windows\system32\MSCTF.dll
0x5eb60000 - 0x5ec1f000 	C:\Program Files\Java\jdk1.8.0_92\jre\bin\msvcr100.dll
0x577e0000 - 0x57bab000 	C:\Program Files\Java\jdk1.8.0_92\jre\bin\client\jvm.dll
0x72ae0000 - 0x72ae7000 	C:\Windows\system32\WSOCK32.dll
0x76f50000 - 0x76f85000 	C:\Windows\system32\WS2_32.dll
0x77a00000 - 0x77a06000 	C:\Windows\system32\NSI.dll
0x70820000 - 0x70852000 	C:\Windows\system32\WINMM.dll
0x74c40000 - 0x74c49000 	C:\Windows\system32\VERSION.dll
0x75fc0000 - 0x75fc5000 	C:\Windows\system32\PSAPI.DLL
0x727e0000 - 0x727ec000 	C:\Program Files\Java\jdk1.8.0_92\jre\bin\verify.dll
0x5ef40000 - 0x5ef61000 	C:\Program Files\Java\jdk1.8.0_92\jre\bin\java.dll
0x65600000 - 0x65629000 	C:\Program Files\Java\jdk1.8.0_92\jre\bin\jdwp.dll
0x72870000 - 0x72877000 	C:\Program Files\Java\jdk1.8.0_92\jre\bin\npt.dll
0x727c0000 - 0x727d3000 	C:\Program Files\Java\jdk1.8.0_92\jre\bin\zip.dll
0x76030000 - 0x76c7c000 	C:\Windows\system32\SHELL32.dll
0x77740000 - 0x7789d000 	C:\Windows\system32\ole32.dll
0x757c0000 - 0x757cb000 	C:\Windows\system32\profapi.dll
0x728c0000 - 0x728c8000 	C:\Program Files\Java\jdk1.8.0_92\jre\bin\dt_socket.dll
0x75170000 - 0x751ac000 	C:\Windows\system32\mswsock.dll
0x74cd0000 - 0x74cd5000 	C:\Windows\System32\wshtcpip.dll
0x57540000 - 0x57685000 	C:\Program Files\Java\jdk1.8.0_92\jre\bin\awt.dll
0x772d0000 - 0x77361000 	C:\Windows\system32\OLEAUT32.dll
0x740b0000 - 0x740c3000 	C:\Windows\system32\DWMAPI.DLL
0x743f0000 - 0x74430000 	C:\Windows\system32\uxtheme.dll
0x756a0000 - 0x756ac000 	C:\Windows\system32\CRYPTBASE.dll
0x5ee10000 - 0x5ee49000 	C:\Program Files\Java\jdk1.8.0_92\jre\bin\fontmanager.dll
0x5e930000 - 0x5ea1e000 	C:\Program Files\Java\jdk1.8.0_92\jre\bin\msvcr120.dll
0x5e8b0000 - 0x5e921000 	C:\Program Files\Java\jdk1.8.0_92\jre\bin\msvcp120.dll
0x65640000 - 0x6565e000 	C:\Program Files\Java\jdk1.8.0_92\jre\bin\prism_d3d.dll
0x69920000 - 0x69ae3000 	C:\Windows\system32\d3d9.dll
0x6b950000 - 0x6b956000 	C:\Windows\system32\d3d8thk.dll
0x56860000 - 0x57259000 	C:\Windows\system32\igdumdim32.dll
0x6c1a0000 - 0x6c515000 	C:\Windows\system32\igdusc32.dll
0x65380000 - 0x653b3000 	C:\Program Files\Java\jdk1.8.0_92\jre\bin\glass.dll
0x77370000 - 0x773eb000 	C:\Windows\system32\COMDLG32.dll
0x523d0000 - 0x54438000 	C:\Program Files\Java\jdk1.8.0_92\jre\bin\jfxwebkit.dll
0x751b0000 - 0x751c7000 	C:\Windows\system32\CRYPTSP.dll
0x74f40000 - 0x74f7b000 	C:\Windows\system32\rsaenh.dll
0x655e0000 - 0x655f1000 	C:\Program Files\Java\jdk1.8.0_92\jre\bin\javafx_font.dll
0x5beb0000 - 0x5bfe6000 	C:\Windows\system32\dwrite.dll
0x77240000 - 0x772c3000 	C:\Windows\system32\CLBCatQ.DLL
0x73f40000 - 0x74071000 	C:\Windows\system32\WindowsCodecs.dll
0x75650000 - 0x7569c000 	C:\Windows\system32\apphelp.dll
0x6b730000 - 0x6b8d9000 	C:\PROGRA~1\MICROS~2\Office15\GROOVEEX.DLL
0x6d4f0000 - 0x6d559000 	C:\Windows\system32\MSVCP100.dll
0x6ba60000 - 0x6ba86000 	C:\Windows\system32\ATL100.DLL
0x6d0f0000 - 0x6d336000 	C:\Windows\system32\msi.dll
0x69db0000 - 0x6a638000 	C:\PROGRA~1\MICROS~2\Office15\3082\GrooveIntlResource.dll
0x6bb30000 - 0x6bb61000 	C:\Windows\system32\EhStorShell.dll
0x75c70000 - 0x75e0d000 	C:\Windows\system32\SETUPAPI.dll
0x75a10000 - 0x75a37000 	C:\Windows\system32\CFGMGR32.dll
0x759f0000 - 0x75a02000 	C:\Windows\system32\DEVOBJ.dll
0x74430000 - 0x74525000 	C:\Windows\system32\PROPSYS.dll
0x6bac0000 - 0x6bb2a000 	C:\Windows\System32\cscui.dll
0x6bab0000 - 0x6bab9000 	C:\Windows\System32\CSCDLL.dll
0x711b0000 - 0x711bb000 	C:\Windows\system32\CSCAPI.dll
0x6b960000 - 0x6b9d0000 	C:\Windows\system32\ntshrui.dll
0x75350000 - 0x75369000 	C:\Windows\system32\srvcli.dll
0x73800000 - 0x7380a000 	C:\Windows\system32\slc.dll
0x69840000 - 0x69856000 	C:\Program Files\Java\jdk1.8.0_92\jre\bin\net.dll
0x75160000 - 0x75166000 	C:\Windows\System32\wship6.dll
0x6b900000 - 0x6b90f000 	C:\Program Files\Java\jdk1.8.0_92\jre\bin\nio.dll
0x73ea0000 - 0x73ec0000 	C:\Program Files\Java\jdk1.8.0_92\jre\bin\sunec.dll
0x759a0000 - 0x759b7000 	C:\Windows\system32\USERENV.dll
0x73520000 - 0x7353c000 	C:\Windows\system32\IPHLPAPI.DLL
0x73510000 - 0x73517000 	C:\Windows\system32\WINNSI.DLL
0x72af0000 - 0x72afd000 	C:\Windows\system32\dhcpcsvc6.DLL
0x72b00000 - 0x72b12000 	C:\Windows\system32\dhcpcsvc.DLL
0x65ae0000 - 0x65ae9000 	C:\Program Files\Java\jdk1.8.0_92\jre\bin\sunmscapi.dll
0x75800000 - 0x75921000 	C:\Windows\system32\CRYPT32.dll
0x757b0000 - 0x757bc000 	C:\Windows\system32\MSASN1.dll
0x73850000 - 0x73860000 	C:\Windows\system32\NLAapi.dll
0x729e0000 - 0x729f0000 	C:\Windows\system32\napinsp.dll
0x70cf0000 - 0x70d02000 	C:\Windows\system32\pnrpnsp.dll
0x75030000 - 0x75074000 	C:\Windows\system32\DNSAPI.dll
0x70d30000 - 0x70d38000 	C:\Windows\System32\winrnr.dll
0x70d10000 - 0x70d16000 	C:\Windows\system32\rasadhlp.dll
0x72b20000 - 0x72b58000 	C:\Windows\System32\fwpuclnt.dll
0x711a0000 - 0x711af000 	C:\Program Files\Java\jdk1.8.0_92\jre\bin\prism_common.dll
0x56510000 - 0x56857000 	C:\Windows\system32\d2d1.dll
0x6c740000 - 0x6c8b5000 	C:\Windows\system32\d3d11.dll
0x6ca70000 - 0x6cabc000 	C:\Windows\system32\dxgi.dll
0x5e640000 - 0x5e829000 	C:\Windows\system32\D3D10Warp.dll
0x757d0000 - 0x757ff000 	C:\Windows\system32\WINTRUST.dll
0x72be0000 - 0x72ccb000 	C:\Windows\system32\dbghelp.dll

VM Arguments:
jvm_args: -Xdebug -Xrunjdwp:transport=dt_socket,server=n,address=54722 
java_command: hs.ml.Main
java_class_path (initial): C:\Users\Windows-7\Documents\NetBeansProjects\HS-Mercadolibre\HS-ML\target\classes;C:\Users\Windows-7\.m2\repository\com\ning\async-http-client\1.7.4\async-http-client-1.7.4.jar;C:\Users\Windows-7\.m2\repository\io\netty\netty\3.4.1.Final\netty-3.4.1.Final.jar;C:\Users\Windows-7\.m2\repository\org\slf4j\slf4j-api\1.6.2\slf4j-api-1.6.2.jar;C:\Users\Windows-7\.m2\repository\com\google\code\gson\gson\2.2.2\gson-2.2.2.jar;C:\Users\Windows-7\.m2\repository\com\microsoft\sqlserver\mssql-jdbc\6.2.1.jre8\mssql-jdbc-6.2.1.jre8.jar;C:\Users\Windows-7\.m2\repository\junit\junit\4.10\junit-4.10.jar;C:\Users\Windows-7\.m2\repository\org\hamcrest\hamcrest-core\1.1\hamcrest-core-1.1.jar
Launcher Type: SUN_STANDARD

Environment Variables:
JAVA_HOME=C:\Program Files\Java\jdk1.8.0_92
PATH=C:\ProgramData\Oracle\Java\javapath;C:\Windows\system32;C:\Windows;C:\Windows\System32\Wbem;C:\Windows\System32\WindowsPowerShell\v1.0\;c:\Program Files\Microsoft SQL Server\100\Tools\Binn\VSShell\Common7\IDE\;c:\Program Files\Microsoft SQL Server\100\Tools\Binn\;c:\Program Files\Microsoft SQL Server\100\DTS\Binn\;C:\Program Files\Java\jdk1.8.0_25\bin;C:\Acu.922\AcuGT\bin;C:\Program Files\Microsoft SQL Server\110\Tools\Binn\ManagementStudio\;C:\Program Files\Microsoft SQL Server\110\Tools\Binn\;C:\Program Files\Microsoft SQL Server\110\DTS\Binn\;C:\Program Files\Micro Focus\Acucbl924\AcuGT\bin;C:\Program Files\Skype\Phone\;C:\Program Files\Java\jdk1.8.0_92;C:\Program Files\Java\jdk1.8.0_92\bin;C:\Program Files\Microsoft SQL Server\120\Tools\Binn\;C:\Program Files\GtkSharp\2.12\bin;C:\AppServ\Apache2.2\bin;C:\AppServ\php6;C:\AppServ\MySQL\bin;C:\Program Files\Java\jdk1.8.0_65\bin;C:\Program Files\Java\jdk1.8.0_92
USERNAME=Windows-7
OS=Windows_NT
PROCESSOR_IDENTIFIER=x86 Family 6 Model 58 Stepping 9, GenuineIntel



---------------  S Y S T E M  ---------------

OS: Windows 7 Build 7601 (6.1.7601.23889)

CPU:total 4 (2 cores per cpu, 2 threads per core) family 6 model 58 stepping 9, cmov, cx8, fxsr, mmx, sse, sse2, sse3, ssse3, sse4.1, sse4.2, popcnt, avx, clmul, erms, ht, tsc, tscinvbit, tscinv

Memory: 4k page, physical 3565016k(649376k free), swap 7128316k(2572652k free)

vm_info: Java HotSpot(TM) Client VM (25.92-b14) for windows-x86 JRE (1.8.0_92-b14), built on Mar 31 2016 21:09:21 by "java_re" with MS VC++ 10.0 (VS2010)

time: Mon Dec 11 17:56:41 2017
elapsed time: 33 seconds (0d 0h 0m 33s)

